INFO:root:  2017-06-01 22:07:36 - Logging initialized
ERROR:root:  2017-06-01 22:07:37 - Incorrect format of URL: /contact/
ERROR:root:  2017-06-01 22:07:37 - Incorrect format of URL: /request-demo/
ERROR:root:  2017-06-01 22:07:37 - Incorrect format of URL: /success-stories/
ERROR:root:  2017-06-01 22:07:37 - Incorrect format of URL: mailto:info@exponea.com
ERROR:root:  2017-06-01 22:07:37 - Incorrect format of URL: /packages/
INFO:root:  2017-06-01 22:07:37 - No match for permitted domains at URL: https://twitter.com/exponea
ERROR:root:  2017-06-01 22:07:37 - Incorrect format of URL: /privacy-policy/
INFO:root:  2017-06-01 22:07:37 - No match for permitted domains at URL: https://www.facebook.com/exponea
INFO:root:  2017-06-01 22:07:38 - No match for permitted domains at URL: https://www.getapp.com/business-intelligence-analytics-software/a/exponea/
INFO:root:  2017-06-01 22:07:38 - No match for permitted domains at URL: https://www.g2crowd.com/products/exponea/reviews?utm_source=review-widget
ERROR:root:  2017-06-01 22:07:38 - HTTP request denied at URL https://exponea.com/?page_id=1154
ERROR:root:  2017-06-01 22:07:39 - Incorrect format of URL: /use-cases/
ERROR:root:  2017-06-01 22:07:39 - Incorrect format of URL: /segmentations/
ERROR:root:  2017-06-01 22:07:40 - Incorrect format of URL: /retentions/
ERROR:root:  2017-06-01 22:07:40 - Incorrect format of URL: /proof-of-concept
ERROR:root:  2017-06-01 22:07:40 - Incorrect format of URL: tel:+442030868894
ERROR:root:  2017-06-01 22:07:40 - Incorrect format of URL: #
INFO:root:  2017-06-01 22:07:40 - No match for permitted domains at URL: https://app.exponea.com/
ERROR:root:  2017-06-01 22:07:40 - Incorrect format of URL: /mass-emailing/
INFO:root:  2017-06-01 22:07:40 - No match for permitted domains at URL: https://guides.exponea.com/
INFO:root:  2017-06-01 22:07:40 - No match for permitted domains at URL: https://www.capterra.com/marketing-automation-software/reviews/151106/Exponea/Exponea
INFO:root:  2017-06-01 22:07:40 - No match for permitted domains at URL: https://blog.exponea.com
ERROR:root:  2017-06-01 22:07:40 - Incorrect format of URL: /general-terms-conditions/
ERROR:root:  2017-06-01 22:07:40 - Incorrect format of URL: javascript:void(0);
ERROR:root:  2017-06-01 22:07:40 - Incorrect format of URL: /careers/
ERROR:root:  2017-06-01 22:07:40 - Incorrect format of URL: /about/
ERROR:root:  2017-06-01 22:07:40 - Incorrect format of URL: /capabilities/
INFO:root:  2017-06-01 22:07:41 - No match for permitted domains at URL: https://blog.exponea.com/
ERROR:root:  2017-06-01 22:07:41 - Incorrect format of URL: javascript:Intercom('showNewMessage');
ERROR:root:  2017-06-01 22:07:42 - Incorrect format of URL: /proof-of-concept/
INFO:root:  2017-06-01 22:07:42 - No match for permitted domains at URL: https://reviews.financesonline.com/p/exponea-marketing-cloud/
ERROR:root:  2017-06-01 22:07:42 - Incorrect format of URL: /reports/
INFO:root:  2017-06-01 22:07:42 - No match for permitted domains at URL: https://community.exponea.com/
ERROR:root:  2017-06-01 22:07:42 - Incorrect format of URL: /browser-notifications/
INFO:root:  2017-06-01 22:07:42 - No match for permitted domains at URL: https://www.linkedin.com/company/Exponea
ERROR:root:  2017-06-01 22:07:42 - Incorrect format of URL: /funnels/
ERROR:root:  2017-06-01 22:07:43 - Incorrect format of URL: /alexa/
ERROR:root:  2017-06-01 22:07:43 - Incorrect format of URL: /messenger/
ERROR:root:  2017-06-01 22:07:44 - Incorrect format of URL: #carousel-use-cases
ERROR:root:  2017-06-01 22:07:47 - Incorrect format of URL: 
ERROR:root:  2017-06-01 22:07:54 - Incorrect format of URL: //pixel.quantserve.com/pixel/p-gw_HQBSH-dKdu.gif
ERROR:root:  2017-06-01 22:07:56 - Unsupported URL encoding at: https://exponea.com/wp-content/uploads/2016/10/Snímka-obrazovky-2016-10-19-o-8.59.08.png
ERROR:root:  2017-06-01 22:07:56 - Unsupported URL encoding at: https://exponea.com/wp-content/uploads/2016/10/Snímka-obrazovky-2016-10-20-o-11.15.25.png
ERROR:root:  2017-06-01 22:08:00 - Unsupported URL encoding at: https://exponea.com/wp-content/uploads/2016/06/Snímka-obrazovky-2016-10-20-o-10.59.05.png
INFO:root:  2017-06-01 22:08:00 - Crawling images finished
